<?xml version="1.0" encoding="UTF-8"?>
<testng-results ignored="0" total="1" passed="1" failed="0" skipped="0">
  <reporter-output>
  </reporter-output>
  <suite started-at="2018-07-24T20:41:15Z" name="InetBankingV9" finished-at="2018-07-24T20:41:36Z" duration-ms="21312">
    <groups>
    </groups>
    <test started-at="2018-07-24T20:41:15Z" name="BankingApp Test" finished-at="2018-07-24T20:41:36Z" duration-ms="21312">
      <class name="com.inetbanking.testCases.TC_LoginTest_001">
        <test-method is-config="true" signature="setup(java.lang.String)[pri:0, instance:com.inetbanking.testCases.TC_LoginTest_001@524d6d96]" started-at="2018-07-24T16:41:16Z" name="setup" finished-at="2018-07-24T16:41:29Z" duration-ms="13312" status="PASS">
          <params>
            <param index="0">
              <value>
                <![CDATA[chrome]]>
              </value>
            </param>
          </params>
          <reporter-output>
          </reporter-output>
        </test-method> <!-- setup -->
        <test-method signature="loginTest()[pri:0, instance:com.inetbanking.testCases.TC_LoginTest_001@524d6d96]" started-at="2018-07-24T16:41:29Z" name="loginTest" finished-at="2018-07-24T16:41:35Z" duration-ms="6178" status="PASS">
          <reporter-output>
          </reporter-output>
        </test-method> <!-- loginTest -->
        <test-method is-config="true" signature="tearDown()[pri:0, instance:com.inetbanking.testCases.TC_LoginTest_001@524d6d96]" started-at="2018-07-24T16:41:35Z" name="tearDown" finished-at="2018-07-24T16:41:36Z" duration-ms="1032" status="PASS">
          <reporter-output>
          </reporter-output>
        </test-method> <!-- tearDown -->
      </class> <!-- com.inetbanking.testCases.TC_LoginTest_001 -->
    </test> <!-- BankingApp Test -->
  </suite> <!-- InetBankingV9 -->
</testng-results>
